#
# A fatal error has been detected by the Java Runtime Environment:
#
#  EXCEPTION_ACCESS_VIOLATION (0xc0000005) at pc=0x000077720000786c, pid=20232, tid=10600
#
# JRE version: OpenJDK Runtime Environment Corretto-17.0.6.10.1 (17.0.6+10) (build 17.0.6+10-LTS)
# Java VM: OpenJDK 64-Bit Server VM Corretto-17.0.6.10.1 (17.0.6+10-LTS, mixed mode, sharing, tiered, compressed oops, compressed class ptrs, g1 gc, windows-amd64)
# Problematic frame:
# C  0x000077720000786c
#
# No core dump will be written. Minidumps are not enabled by default on client versions of Windows
#
# If you would like to submit a bug report, please visit:
#   https://github.com/corretto/corretto-17/issues/
#

---------------  S U M M A R Y ------------

Command Line: -javaagent:C:\Program Files\JetBrains\IntelliJ IDEA Community Edition 2022.3.2\lib\idea_rt.jar=57874:C:\Program Files\JetBrains\IntelliJ IDEA Community Edition 2022.3.2\bin -Dfile.encoding=UTF-8 com.safetynet.safetynetalerts.SafetynetAlertsApplication

Host: Intel(R) Core(TM) i7-2600K CPU @ 3.40GHz, 8 cores, 15G,  Windows 10 , 64 bit Build 19041 (10.0.19041.2546)
Time: Wed Mar 29 23:24:55 2023 Paris, Madrid (heure duild 19041 (10.0.19041.2546) elapsed time: 2.307262 seconds (0d 0h 0m 2s)

---------------  T H R E A D  ---------------

Current thread (0x00000258ea5e7cc0):  JavaThread "C2 CompilerThread0" daemon [_thread_in_native, id=10600, stack(0x00000095d7e00000,0x00000095d7f00000)]


Current CompileTask:
C2:   2307 3115       4       org.springframework.beans.factory.support.DefaultListableBeanFactory::requiresEagerInitForType (26 bytes)

Stack: [0x00000095d7e00000,0x00000095d7f00000],  sp=0x00000095d7efb268,  free space=1004k
Native frames: (J=compiled Java code, j=interpreted, Vv=VM code, C=native code)
C  0x000077720000786c


siginfo: EXCEPTION_ACCESS_VIOLATION (0xc0000005), data execution prevention violation at address 0x000077720000786c


Register to memory mapping:

RIP=0x000077720000786c is an unknown value
RAX=0x00007ffc8fbbba68 jvm.dll
RBX=0x00000258efe86be8 points into unknown readable memory: 0x00007ffc8fbbba68 | 68 ba bb 8f fc 7f 00 00
RCX=0x00000258efe86be8 points into unknown readable memory: 0x00007ffc8fbbba68 | 68 ba bb 8f fc 7f 00 00
RDX=0x00000258efe86be8 points into unknown readable memory: 0x00007ffc8fbbba68 | 68 ba bb 8f fc 7f 00 00
RSP=0x00000095d7efb268 is pointing into the stack for thread: 0x00000258ea5e7cc0
RBP=0x0000000000000828 is an unknown value
RSI=0x00000095d7efb4c0 is pointing into the stack for thread: 0x00000258ea5e7cc0
RDI=0x00000095d7efbe48 is pointing into the stack for thread: 0x00000258ea5e7cc0
R8 =0x0000000000000017 is an unknown value
R9 =0x00000000000006dc is an unknown value
R10=0x00000095d7efb4c0 is pointing into the stack for thread: 0x00000258ea5e7cc0
R11=0x00000095d7efb4c0 is pointing into the stack for thread: 0x00000258ea5e7cc0
R12=0x0 is NULL
R13=0x00000258c55f7f80 points into unknown readable memory: 0x00007ffc8fbf9fb0 | b0 9f bf 8f fc 7f 00 00
R14=0x0000000000000d50 is an unknown value
R15=0x00000258ee702470 points into unknown readable memory: 0x00007ffc8fbbfd20 | 20 fd bb 8f fc 7f 00 00


Registers:
RAX=0x00007ffc8fbbba68, RBX=0x00000258efe86be8, RCX=0x00000258efe86be8, RDX=0x00000258efe86be8
RSP=0x00000095d7efb268, RBP=0x0000000000000828, RSI=0x00000095d7efb4c0, RDI=0x00000095d7efbe48
R8 =0x0000000000000017, R9 =0x00000000000006dc, R10=0x00000095d7efb4c0, R11=0x00000095d7efb4c0
R12=0x0000000000000000, R13=0x00000258c55f7f80, R14=0x0000000000000d50, R15=0x00000258ee702470
RIP=0x000077720000786c, EFLAGS=0x0000000000010202

Top of Stack: (sp=0x00000095d7efb268)
0x00000095d7efb268:   00007ffc8f94f7d9 00000258ee700640
0x00000095d7efb278:   0000000000000d48 00000258c55f7f80
0x00000095d7efb288:   0000000000000000 00000095d7efb4c0
0x00000095d7efb298:   00007ffc8f951116 00000258efe86be8
0x00000095d7efb2a8:   00000258ec609118 0000000000000827
0x00000095d7efb2b8:   00000095d7efb4c0 00000095d7efb4c0
0x00000095d7efb2c8:   00007ffc8f95000a 00000095d7efe470
0x00000095d7efb2d8:   0000000000000828 00000258efe86be8
0x00000095d7efb2e8:   00000258ef6f1478 00000258ea48fc30
0x00000095d7efb2f8:   00007ffc8fbe7878 0000000000000020
0x00000095d7efb308:   00007ffc8f4eaaa0 0000000000000000
0x00000095d7efb318:   00000258ee68d4f0 00000095d7efe470
0x00000095d7efb328:   00000095d7efb410 00000095d7efb500
0x00000095d7efb338:   000000080045acb0 0000000800000000
0x00000095d7efb348:   0000000000000000 00000008001a1198
0x00000095d7efb358:   00000258ea5e7c00 00000095d7efb558 

Instructions: (pc=0x000077720000786c)
0x000077720000776c:   ?? ?? ?? ?? ?? ?? ?? ?? ?? ?? ?? ?? ?? ?? ?? ??
0x000077720000777c:   ?? ?? ?? ?? ?? ?? ?? ?? ?? ?? ?? ?? ?? ?? ?? ??
0x000077720000778c:   ?? ?? ?? ?? ?? ?? ?? ?? ?? ?? ?? ?? ?? ?? ?? ??
0x000077720000779c:   ?? ?? ?? ?? ?? ?? ?? ?? ?? ?? ?? ?? ?? ?? ?? ??
0x00007772000077ac:   ?? ?? ?? ?? ?? ?? ?? ?? ?? ?? ?? ?? ?? ?? ?? ??
0x00007772000077bc:   ?? ?? ?? ?? ?? ?? ?? ?? ?? ?? ?? ?? ?? ?? ?? ??
0x00007772000077cc:   ?? ?? ?? ?? ?? ?? ?? ?? ?? ?? ?? ?? ?? ?? ?? ??
0x00007772000077dc:   ?? ?? ?? ?? ?? ?? ?? ?? ?? ?? ?? ?? ?? ?? ?? ??
0x00007772000077ec:   ?? ?? ?? ?? ?? ?? ?? ?? ?? ?? ?? ?? ?? ?? ?? ??
0x00007772000077fc:   ?? ?? ?? ?? ?? ?? ?? ?? ?? ?? ?? ?? ?? ?? ?? ??
0x000077720000780c:   ?? ?? ?? ?? ?? ?? ?? ?? ?? ?? ?? ?? ?? ?? ?? ??
0x000077720000781c:   ?? ?? ?? ?? ?? ?? ?? ?? ?? ?? ?? ?? ?? ?? ?? ??
0x000077720000782c:   ?? ?? ?? ?? ?? ?? ?? ?? ?? ?? ?? ?? ?? ?? ?? ??
0x000077720000783c:   ?? ?? ?? ?? ?? ?? ?? ?? ?? ?? ?? ?? ?? ?? ?? ??
0x000077720000784c:   ?? ?? ?? ?? ?? ?? ?? ?? ?? ?? ?? ?? ?? ?? ?? ??
0x000077720000785c:   ?? ?? ?? ?? ?? ?? ?? ?? ?? ?? ?? ?? ?? ?? ?? ??
0x000077720000786c:   ?? ?? ?? ?? ?? ?? ?? ?? ?? ?? ?? ?? ?? ?? ?? ??
0x000077720000787c:   ?? ?? ?? ?? ?? ?? ?? ?? ?? ?? ?? ?? ?? ?? ?? ??
0x000077720000788c:   ?? ?? ?? ?? ?? ?? ?? ?? ?? ?? ?? ?? ?? ?? ?? ??
0x000077720000789c:   ?? ?? ?? ?? ?? ?? ?? ?? ?? ?? ?? ?? ?? ?? ?? ??
0x00007772000078ac:   ?? ?? ?? ?? ?? ?? ?? ?? ?? ?? ?? ?? ?? ?? ?? ??
0x00007772000078bc:   ?? ?? ?? ?? ?? ?? ?? ?? ?? ?? ?? ?? ?? ?? ?? ??
0x00007772000078cc:   ?? ?? ?? ?? ?? ?? ?? ?? ?? ?? ?? ?? ?? ?? ?? ??
0x00007772000078dc:   ?? ?? ?? ?? ?? ?? ?? ?? ?? ?? ?? ?? ?? ?? ?? ??
0x00007772000078ec:   ?? ?? ?? ?? ?? ?? ?? ?? ?? ?? ?? ?? ?? ?? ?? ??
0x00007772000078fc:   ?? ?? ?? ?? ?? ?? ?? ?? ?? ?? ?? ?? ?? ?? ?? ??
0x000077720000790c:   ?? ?? ?? ?? ?? ?? ?? ?? ?? ?? ?? ?? ?? ?? ?? ??
0x000077720000791c:   ?? ?? ?? ?? ?? ?? ?? ?? ?? ?? ?? ?? ?? ?? ?? ??
0x000077720000792c:   ?? ?? ?? ?? ?? ?? ?? ?? ?? ?? ?? ?? ?? ?? ?? ??
0x000077720000793c:   ?? ?? ?? ?? ?? ?? ?? ?? ?? ?? ?? ?? ?? ?? ?? ??
0x000077720000794c:   ?? ?? ?? ?? ?? ?? ?? ?? ?? ?? ?? ?? ?? ?? ?? ??
0x000077720000795c:   ?? ?? ?? ?? ?? ?? ?? ?? ?? ?? ?? ?? ?? ?? ?? ?? 


Stack slot to memory mapping:
stack at sp + 0 slots: 0x00007ffc8f94f7d9 jvm.dll
stack at sp + 1 slots: 0x00000258ee700640 points into unknown readable memory: 0x00007ffc8fbd4358 | 58 43 bd 8f fc 7f 00 00
stack at sp + 2 slots: 0x0000000000000d48 is an unknown value
stack at sp + 3 slots: 0x00000258c55f7f80 points into unknown readable memory: 0x00007ffc8fbf9fb0 | b0 9f bf 8f fc 7f 00 00
stack at sp + 4 slots: 0x0 is NULL
stack at sp + 5 slots: 0x00000095d7efb4c0 is pointing into the stack for thread: 0x00000258ea5e7cc0
stack at sp + 6 slots: 0x00007ffc8f951116 jvm.dll
stack at sp + 7 slots: 0x00000258efe86be8 points into unknown readable memory: 0x00007ffc8fbbba68 | 68 ba bb 8f fc 7f 00 00


---------------  P R O C E S S  ---------------

Threads class SMR info:
_java_thread_list=0x00000258ec1b3580, length=18, elements={
0x00000258c55e1220, 0x00000258ea5ce810, 0x00000258ea5cf680, 0x00000258ea5df680,
0x00000258ea5e0030, 0x00000258ea5e09e0, 0x00000258ea5e2bc0, 0x00000258ea5e7cc0,
0x00000258eb008140, 0x00000258eb011e30, 0x00000258ea5bcfc0, 0x00000258eb280a10,
0x00000258eb2ad2d0, 0x00000258eb180590, 0x00000258ec4f0a00, 0x00000258ef8a9a80,
0x00000258eccfbd60, 0x00000258efaf6040
}

Java Threads: ( => current thread )
  0x00000258c55e1220 JavaThread "main" [_thread_in_Java, id=25956, stack(0x00000095d7100000,0x00000095d7200000)]
  0x00000258ea5ce810 JavaThread "Reference Handler" daemon [_thread_blocked, id=18648, stack(0x00000095d7800000,0x00000095d7900000)]
  0x00000258ea5cf680 JavaThread "Finalizer" daemon [_thread_blocked, id=23036, stack(0x00000095d7900000,0x00000095d7a00000)]
  0x00000258ea5df680 JavaThread "Signal Dispatcher" daemon [_thread_blocked, id=7588, stack(0x00000095d7a00000,0x00000095d7b00000)]
  0x00000258ea5e0030 JavaThread "Attach Listener" daemon [_thread_blocked, id=28000, stack(0x00000095d7b00000,0x00000095d7c00000)]
  0x00000258ea5e09e0 JavaThread "Service Thread" daemon [_thread_blocked, id=14364, stack(0x00000095d7c00000,0x00000095d7d00000)]
  0x00000258ea5e2bc0 JavaThread "Monitor Deflation Thread" daemon [_thread_blocked, id=32096, stack(0x00000095d7d00000,0x00000095d7e00000)]
=>0x00000258ea5e7cc0 JavaThread "C2 CompilerThread0" daemon [_thread_in_native, id=10600, stack(0x00000095d7e00000,0x00000095d7f00000)]
  0x00000258eb008140 JavaThread "C1 CompilerThread0" daemon [_thread_blocked, id=21496, stack(0x00000095d7f00000,0x00000095d8000000)]
  0x00000258eb011e30 JavaThread "Sweeper thread" daemon [_thread_blocked, id=30368, stack(0x00000095d8000000,0x00000095d8100000)]
  0x00000258ea5bcfc0 JavaThread "Common-Cleaner" daemon [_thread_blocked, id=29344, stack(0x00000095d8100000,0x00000095d8200000)]
  0x00000258eb280a10 JavaThread "C2 CompilerThread1" daemon [_thread_in_native, id=27364, stack(0x00000095d8200000,0x00000095d8300000)]
  0x00000258eb2ad2d0 JavaThread "Monitor Ctrl-Break" daemon [_thread_in_native, id=32356, stack(0x00000095d8300000,0x00000095d8400000)]
  0x00000258eb180590 JavaThread "Notification Thread" daemon [_thread_blocked, id=25112, stack(0x00000095d8400000,0x00000095d8500000)]
  0x00000258ec4f0a00 JavaThread "C2 CompilerThread2" daemon [_thread_in_native, id=26888, stack(0x00000095d8e00000,0x00000095d8f00000)]
  0x00000258ef8a9a80 JavaThread "Catalina-utility-1" [_thread_blocked, id=10804, stack(0x00000095d8f00000,0x00000095d9000000)]
  0x00000258eccfbd60 JavaThread "Catalina-utility-2" [_thread_blocked, id=30528, stack(0x00000095d9000000,0x00000095d9100000)]
  0x00000258efaf6040 JavaThread "container-0" [_thread_blocked, id=32112, stack(0x00000095d9100000,0x00000095d9200000)]

Other Threads:
  0x00000258ea5c9c10 VMThread "VM Thread" [stack: 0x00000095d7700000,0x00000095d7800000] [id=14740]
  0x00000258c5672d90 WatcherThread [stack: 0x00000095d8500000,0x00000095d8600000] [id=3200]
  0x00000258c564b970 GCTaskThread "GC Thread#0" [stack: 0x00000095d7200000,0x00000095d7300000] [id=21700]
  0x00000258ebeb5bb0 GCTaskThread "GC Thread#1" [stack: 0x00000095d8600000,0x00000095d8700000] [id=29960]
  0x00000258ec31bc70 GCTaskThread "GC Thread#2" [stack: 0x00000095d8700000,0x00000095d8800000] [id=26360]
  0x00000258eb69dbc0 GCTaskThread "GC Thread#3" [stack: 0x00000095d8800000,0x00000095d8900000] [id=29472]
  0x00000258ec31bf20 GCTaskThread "GC Thread#4" [stack: 0x00000095d8900000,0x00000095d8a00000] [id=12360]
  0x00000258eb6cc320 GCTaskThread "GC Thread#5" [stack: 0x00000095d8a00000,0x00000095d8b00000] [id=21412]
  0x00000258ec312d60 GCTaskThread "GC Thread#6" [stack: 0x00000095d8c00000,0x00000095d8d00000] [id=19372]
  0x00000258ec2ee2d0 GCTaskThread "GC Thread#7" [stack: 0x00000095d8d00000,0x00000095d8e00000] [id=26840]
  0x00000258c565d910 ConcurrentGCThread "G1 Main Marker" [stack: 0x00000095d7300000,0x00000095d7400000] [id=29528]
  0x00000258c565eb60 ConcurrentGCThread "G1 Conc#0" [stack: 0x00000095d7400000,0x00000095d7500000] [id=17284]
  0x00000258ee147f70 ConcurrentGCThread "G1 Conc#1" [stack: 0x00000095d8b00000,0x00000095d8c00000] [id=25976]
  0x00000258c56ae6f0 ConcurrentGCThread "G1 Refine#0" [stack: 0x00000095d7500000,0x00000095d7600000] [id=21256]
  0x00000258ea47a270 ConcurrentGCThread "G1 Service" [stack: 0x00000095d7600000,0x00000095d7700000] [id=28896]

Threads with active compile tasks:
C2 CompilerThread0     2372 3115       4       org.springframework.beans.factory.support.DefaultListableBeanFactory::requiresEagerInitForType (26 bytes)
C2 CompilerThread1     2372 3180       4       java.util.Arrays::copyOf (40 bytes)
C2 CompilerThread2     2372 3188       4       java.lang.ref.Reference::<init> (25 bytes)

VM state: not at safepoint (normal execution)

VM Mutex/Monitor currently owned by a thread: None

Heap address: 0x0000000700800000, size: 4088 MB, Compressed Oops mode: Zero based, Oop shift amount: 3

CDS archive(s) mapped at: [0x0000000800000000-0x0000000800bc0000-0x0000000800bc0000), size 12320768, SharedBaseAddress: 0x0000000800000000, ArchiveRelocationMode: 0.
Compressed class space mapped at: 0x0000000800c00000-0x0000000840c00000, reserved size: 1073741824
Narrow klass base: 0x0000000800000000, Narrow klass shift: 0, Narrow klass range: 0x100000000

GC Precious Log:
 CPUs: 8 total, 8 available
 Memory: 16351M
 Large Page Support: Disabled
 NUMA Support: Disabled
 Compressed Oops: Enabled (Zero based)
 Heap Region Size: 2M
 Heap Min Capacity: 8M
 Heap Initial Capacity: 256M
 Heap Max Capacity: 4088M
 Pre-touch: Disabled
 Parallel Workers: 8
 Concurrent Workers: 2
 Concurrent Refinement Workers: 8
 Periodic GC: Disabled

Heap:
 garbage-first heap   total 40960K, used 22181K [0x0000000700800000, 0x0000000800000000)
  region size 2048K, 10 young (20480K), 3 survivors (6144K)
 Metaspace       used 24162K, committed 24512K, reserved 1073152K
  class space    used 3030K, committed 3200K, reserved 1048576K

Heap Regions: E=young(eden), S=young(survivor), O=old, HS=humongous(starts), HC=humongous(continues), CS=collection set, F=free, OA=open archive, CA=closed archive, TAMS=top-at-mark-start (previous, next)
|   0|0x0000000700800000, 0x0000000700a00000, 0x0000000700a00000|100%| O|  |TAMS 0x0000000700a00000, 0x0000000700800000| Untracked 
|   1|0x0000000700a00000, 0x0000000700bfd200, 0x0000000700c00000| 99%| O|  |TAMS 0x0000000700bfd200, 0x0000000700a00000| Untracked 
|   2|0x0000000700c00000, 0x0000000700c00000, 0x0000000700e00000|  0%| F|  |TAMS 0x0000000700c00000, 0x0000000700c00000| Untracked 
|   3|0x0000000700e00000, 0x0000000700e00000, 0x0000000701000000|  0%| F|  |TAMS 0x0000000700e00000, 0x0000000700e00000| Untracked 
|   4|0x0000000701000000, 0x0000000701000000, 0x0000000701200000|  0%| F|  |TAMS 0x0000000701000000, 0x0000000701000000| Untracked 
|   5|0x0000000701200000, 0x0000000701200000, 0x0000000701400000|  0%| F|  |TAMS 0x0000000701200000, 0x0000000701200000| Untracked 
|   6|0x0000000701400000, 0x0000000701400000, 0x0000000701600000|  0%| F|  |TAMS 0x0000000701400000, 0x0000000701400000| Untracked 
|   7|0x0000000701600000, 0x0000000701600000, 0x0000000701800000|  0%| F|  |TAMS 0x0000000701600000, 0x0000000701600000| Untracked 
|   8|0x0000000701800000, 0x0000000701800000, 0x0000000701a00000|  0%| F|  |TAMS 0x0000000701800000, 0x0000000701800000| Untracked 
|   9|0x0000000701a00000, 0x0000000701a00000, 0x0000000701c00000|  0%| F|  |TAMS 0x0000000701a00000, 0x0000000701a00000| Untracked 
|  10|0x0000000701c00000, 0x0000000701e00000, 0x0000000701e00000|100%| E|  |TAMS 0x0000000701c00000, 0x0000000701c00000| Complete 
|  11|0x0000000701e00000, 0x0000000702000000, 0x0000000702000000|100%| E|CS|TAMS 0x0000000701e00000, 0x0000000701e00000| Complete 
|  12|0x0000000702000000, 0x0000000702200000, 0x0000000702200000|100%| E|CS|TAMS 0x0000000702000000, 0x0000000702000000| Complete 
|  13|0x0000000702200000, 0x0000000702400000, 0x0000000702400000|100%| E|CS|TAMS 0x0000000702200000, 0x0000000702200000| Complete 
|  14|0x0000000702400000, 0x0000000702600000, 0x0000000702600000|100%| E|CS|TAMS 0x0000000702400000, 0x0000000702400000| Complete 
|  15|0x0000000702600000, 0x0000000702800000, 0x0000000702800000|100%| E|CS|TAMS 0x0000000702600000, 0x0000000702600000| Complete 
| 103|0x000000070d600000, 0x000000070d7ac320, 0x000000070d800000| 83%| S|CS|TAMS 0x000000070d600000, 0x000000070d600000| Complete 
| 104|0x000000070d800000, 0x000000070da00000, 0x000000070da00000|100%| S|CS|TAMS 0x000000070d800000, 0x000000070d800000| Complete 
| 105|0x000000070da00000, 0x000000070dc00000, 0x000000070dc00000|100%| S|CS|TAMS 0x000000070da00000, 0x000000070da00000| Complete 
| 127|0x0000000710600000, 0x0000000710800000, 0x0000000710800000|100%| E|CS|TAMS 0x0000000710600000, 0x0000000710600000| Complete 

Card table byte_map: [0x00000258deb20000,0x00000258df320000] _byte_map_base: 0x00000258db31c000

Marking Bits (Prev, Next): (CMBitMap*) 0x00000258c564cfd0, (CMBitMap*) 0x00000258c564cf90
 Prev Bits: [0x00000258e3b00000, 0x00000258e7ae0000)
 Next Bits: [0x00000258dfb20000, 0x00000258e3b00000)

Polling page: 0x00000258c56b0000

Metaspace:

Usage:
  Non-class:     20.64 MB used.
      Class:      2.96 MB used.
       Both:     23.60 MB used.

Virtual space:
  Non-class space:       24.00 MB reserved,      20.81 MB ( 87%) committed,  3 nodes.
      Class space:        1.00 GB reserved,       3.13 MB ( <1%) committed,  1 nodes.
             Both:        1.02 GB reserved,      23.94 MB (  2%) committed. 

Chunk freelists:
   Non-Class:  2.95 MB
       Class:  784.00 KB
        Both:  3.72 MB

MaxMetaspaceSize: unlimited
CompressedClassSpaceSize: 1.00 GB
Initial GC threshold: 21.00 MB
Current GC threshold: 35.25 MB
CDS: on
MetaspaceReclaimPolicy: balanced
 - commit_granule_bytes: 65536.
 - commit_granule_words: 8192.
 - virtual_space_node_default_size: 1048576.
 - enlarge_chunks_in_place: 1.
 - new_chunks_are_fully_committed: 0.
 - uncommit_free_chunks: 1.
 - use_allocation_guard: 0.
 - handle_deallocations: 1.


Internal statistics:

num_allocs_failed_limit: 3.
num_arena_births: 470.
num_arena_deaths: 0.
num_vsnodes_births: 4.
num_vsnodes_deaths: 0.
num_space_committed: 383.
num_space_uncommitted: 0.
num_chunks_returned_to_freelist: 3.
num_chunks_taken_from_freelist: 1304.
num_chunk_merges: 3.
num_chunk_splits: 895.
num_chunks_enlarged: 657.
num_purges: 0.
num_inconsistent_stats: 0.

CodeHeap 'non-profiled nmethods': size=120000Kb used=1665Kb max_used=1665Kb free=118334Kb
 bounds [0x00000258d6380000, 0x00000258d65f0000, 0x00000258dd8b0000]
CodeHeap 'profiled nmethods': size=120000Kb used=6592Kb max_used=6592Kb free=113407Kb
 bounds [0x00000258ce8b0000, 0x00000258cef30000, 0x00000258d5de0000]
CodeHeap 'non-nmethods': size=5760Kb used=1225Kb max_used=1277Kb free=4535Kb
 bounds [0x00000258d5de0000, 0x00000258d6050000, 0x00000258d6380000]
 total_blobs=3709 nmethods=3190 adapters=429
 compilation: enabled
              stopped_count=0, restarted_count=0
 full_count=0

Compilation events (20 events):
Event: 2.289 Thread 0x00000258eb008140 3117       3       org.springframework.util.ClassUtils::isOverridable (61 bytes)
Event: 2.289 Thread 0x00000258ec4f0a00 3118       4       java.lang.reflect.Method::equals (65 bytes)
Event: 2.290 Thread 0x00000258eb008140 nmethod 3117 0x00000258ceee8610 code [0x00000258ceee8960, 0x00000258ceee9cc8]
Event: 2.290 Thread 0x00000258eb008140 3120       3       java.lang.Class::getDeclaredConstructor (31 bytes)
Event: 2.291 Thread 0x00000258eb008140 nmethod 3120 0x00000258ceeea390 code [0x00000258ceeea600, 0x00000258ceeeaf98]
Event: 2.291 Thread 0x00000258eb008140 3121       3       jdk.internal.org.objectweb.asm.Type::getType (10 bytes)
Event: 2.291 Thread 0x00000258eb008140 nmethod 3121 0x00000258ceeeb390 code [0x00000258ceeeb540, 0x00000258ceeeb768]
Event: 2.293 Thread 0x00000258ec4f0a00 nmethod 3118 0x00000258d650d410 code [0x00000258d650d5a0, 0x00000258d650d7d8]
Event: 2.293 Thread 0x00000258ec4f0a00 3122       4       java.lang.ThreadLocal::getMap (5 bytes)
Event: 2.293 Thread 0x00000258ec4f0a00 nmethod 3122 0x00000258d650d990 code [0x00000258d650db00, 0x00000258d650db98]
Event: 2.293 Thread 0x00000258ec4f0a00 3123       4       java.lang.Class::reflectionData (43 bytes)
Event: 2.293 Thread 0x00000258eb008140 3124   !   3       org.springframework.util.ReflectionUtils::doWithLocalMethods (68 bytes)
Event: 2.293 Thread 0x00000258eb008140 nmethod 3124 0x00000258ceeeb890 code [0x00000258ceeeba80, 0x00000258ceeebed8]
Event: 2.294 Thread 0x00000258eb008140 3125       3       org.springframework.context.annotation.CommonAnnotationBeanPostProcessor$$Lambda$375/0x0000000800e72ee8::doWith (13 bytes)
Event: 2.294 Thread 0x00000258eb008140 nmethod 3125 0x00000258ceeec190 code [0x00000258ceeec340, 0x00000258ceeec4a8]
Event: 2.294 Thread 0x00000258eb008140 3126       3       org.springframework.context.annotation.CommonAnnotationBeanPostProcessor::lambda$buildResourceMetadata$0 (127 bytes)
Event: 2.295 Thread 0x00000258eb008140 nmethod 3126 0x00000258ceeec590 code [0x00000258ceeec840, 0x00000258ceeed598]
Event: 2.295 Thread 0x00000258eb008140 3128       3       java.util.LinkedHashSet::<init> (10 bytes)
Event: 2.295 Thread 0x00000258eb008140 nmethod 3128 0x00000258ceeed990 code [0x00000258ceeedb60, 0x00000258ceeedca8]
Event: 2.298 Thread 0x00000258eb008140 3130   !   3       org.springframework.beans.factory.support.DefaultListableBeanFactory::doGetBeanNamesForType (505 bytes)

GC Heap History (6 events):
Event: 0.649 GC heap before
{Heap before GC invocations=0 (full 0):
 garbage-first heap   total 262144K, used 22528K [0x0000000700800000, 0x0000000800000000)
  region size 2048K, 11 young (22528K), 0 survivors (0K)
 Metaspace       used 6660K, committed 6848K, reserved 1056768K
  class space    used 816K, committed 896K, reserved 1048576K
}
Event: 0.657 GC heap after
{Heap after GC invocations=1 (full 0):
 garbage-first heap   total 262144K, used 4250K [0x0000000700800000, 0x0000000800000000)
  region size 2048K, 2 young (4096K), 2 survivors (4096K)
 Metaspace       used 6660K, committed 6848K, reserved 1056768K
  class space    used 816K, committed 896K, reserved 1048576K
}
Event: 1.014 GC heap before
{Heap before GC invocations=1 (full 0):
 garbage-first heap   total 262144K, used 32922K [0x0000000700800000, 0x0000000800000000)
  region size 2048K, 17 young (34816K), 2 survivors (4096K)
 Metaspace       used 14207K, committed 14400K, reserved 1064960K
  class space    used 1763K, committed 1856K, reserved 1048576K
}
Event: 1.020 GC heap after
{Heap after GC invocations=2 (full 0):
 garbage-first heap   total 262144K, used 6486K [0x0000000700800000, 0x0000000800000000)
  region size 2048K, 2 young (4096K), 2 survivors (4096K)
 Metaspace       used 14207K, committed 14400K, reserved 1064960K
  class space    used 1763K, committed 1856K, reserved 1048576K
}
Event: 2.051 GC heap before
{Heap before GC invocations=2 (full 0):
 garbage-first heap   total 262144K, used 45398K [0x0000000700800000, 0x0000000800000000)
  region size 2048K, 22 young (45056K), 2 survivors (4096K)
 Metaspace       used 21108K, committed 21504K, reserved 1073152K
  class space    used 2661K, committed 2880K, reserved 1048576K
}
Event: 2.056 GC heap after
{Heap after GC invocations=3 (full 0):
 garbage-first heap   total 262144K, used 9893K [0x0000000700800000, 0x0000000800000000)
  region size 2048K, 3 young (6144K), 3 survivors (6144K)
 Metaspace       used 21108K, committed 21504K, reserved 1073152K
  class space    used 2661K, committed 2880K, reserved 1048576K
}

Dll operation events (12 events):
Event: 0.007 Loaded shared library C:\Users\saidh\.jdks\corretto-17.0.6\bin\java.dll
Event: 0.021 Loaded shared library C:\Users\saidh\.jdks\corretto-17.0.6\bin\jsvml.dll
Event: 0.106 Loaded shared library C:\Users\saidh\.jdks\corretto-17.0.6\bin\zip.dll
Event: 0.108 Loaded shared library C:\Users\saidh\.jdks\corretto-17.0.6\bin\instrument.dll
Event: 0.118 Loaded shared library C:\Users\saidh\.jdks\corretto-17.0.6\bin\net.dll
Event: 0.119 Loaded shared library C:\Users\saidh\.jdks\corretto-17.0.6\bin\nio.dll
Event: 0.121 Loaded shared library C:\Users\saidh\.jdks\corretto-17.0.6\bin\zip.dll
Event: 0.158 Loaded shared library C:\Program Files\JetBrains\IntelliJ IDEA Community Edition 2022.3.2\bin\breakgen64.dll
Event: 0.193 Loaded shared library C:\Users\saidh\.jdks\corretto-17.0.6\bin\jimage.dll
Event: 2.240 Loaded shared library C:\Users\saidh\.jdks\corretto-17.0.6\bin\sunmscapi.dll
Event: 2.245 Loaded shared library C:\Users\saidh\.jdks\corretto-17.0.6\bin\management.dll
Event: 2.247 Loaded shared library C:\Users\saidh\.jdks\corretto-17.0.6\bin\management_ext.dll

Deoptimization events (20 events):
Event: 2.097 Thread 0x00000258c55e1220 DEOPT PACKING pc=0x00000258cee75ee6 sp=0x00000095d71fdce0
Event: 2.097 Thread 0x00000258c55e1220 DEOPT UNPACKING pc=0x00000258d5e37143 sp=0x00000095d71fd1d0 mode 0
Event: 2.119 Thread 0x00000258c55e1220 DEOPT PACKING pc=0x00000258cee51ee5 sp=0x00000095d71fdb60
Event: 2.119 Thread 0x00000258c55e1220 DEOPT UNPACKING pc=0x00000258d5e37143 sp=0x00000095d71fd050 mode 0
Event: 2.119 Thread 0x00000258c55e1220 DEOPT PACKING pc=0x00000258cee75ee6 sp=0x00000095d71fdb90
Event: 2.119 Thread 0x00000258c55e1220 DEOPT UNPACKING pc=0x00000258d5e37143 sp=0x00000095d71fd058 mode 0
Event: 2.123 Thread 0x00000258c55e1220 DEOPT PACKING pc=0x00000258cee51ee5 sp=0x00000095d71fdb60
Event: 2.123 Thread 0x00000258c55e1220 DEOPT UNPACKING pc=0x00000258d5e37143 sp=0x00000095d71fd050 mode 0
Event: 2.123 Thread 0x00000258c55e1220 DEOPT PACKING pc=0x00000258cee75ee6 sp=0x00000095d71fdb90
Event: 2.123 Thread 0x00000258c55e1220 DEOPT UNPACKING pc=0x00000258d5e37143 sp=0x00000095d71fd058 mode 0
Event: 2.143 Thread 0x00000258c55e1220 DEOPT PACKING pc=0x00000258cee51ee5 sp=0x00000095d71fdd90
Event: 2.143 Thread 0x00000258c55e1220 DEOPT UNPACKING pc=0x00000258d5e37143 sp=0x00000095d71fd280 mode 0
Event: 2.143 Thread 0x00000258c55e1220 DEOPT PACKING pc=0x00000258cee75ee6 sp=0x00000095d71fddc0
Event: 2.143 Thread 0x00000258c55e1220 DEOPT UNPACKING pc=0x00000258d5e37143 sp=0x00000095d71fd288 mode 0
Event: 2.159 Thread 0x00000258c55e1220 DEOPT PACKING pc=0x00000258cee51ee5 sp=0x00000095d71fdae0
Event: 2.159 Thread 0x00000258c55e1220 DEOPT UNPACKING pc=0x00000258d5e37143 sp=0x00000095d71fcfd0 mode 0
Event: 2.221 Thread 0x00000258c55e1220 Uncommon trap: trap_request=0xffffff45 fr.pc=0x00000258d6441b38 relative=0x0000000000000238
Event: 2.221 Thread 0x00000258c55e1220 Uncommon trap: reason=unstable_if action=reinterpret pc=0x00000258d6441b38 method=java.util.HashMap.putVal(ILjava/lang/Object;Ljava/lang/Object;ZZ)Ljava/lang/Object; @ 162 c2
Event: 2.221 Thread 0x00000258c55e1220 DEOPT PACKING pc=0x00000258d6441b38 sp=0x00000095d71fc360
Event: 2.221 Thread 0x00000258c55e1220 DEOPT UNPACKING pc=0x00000258d5e369a3 sp=0x00000095d71fc288 mode 2

Classes unloaded (0 events):
No events

Classes redefined (0 events):
No events

Internal exceptions (20 events):
Event: 1.596 Thread 0x00000258c55e1220 Exception <a 'java/lang/NoSuchMethodError'{0x000000070ef2eef0}: 'java.lang.Object java.lang.invoke.DirectMethodHandle$Holder.invokeSpecial(java.lang.Object, java.lang.Object, java.lang.Object, java.lang.Object, java.lang.Object, java.lang.Object, java.lang.Object, java.lang.Object, java.lang.Object, java.lang.Object)'> (0x000000070ef2eef0) 
thrown [s\src\hotspot\share\interpreter\linkResolver.cpp, line 759]
Event: 1.596 Thread 0x00000258c55e1220 Exception <a 'java/lang/NoSuchMethodError'{0x000000070ef334d8}: 'java.lang.Object java.lang.invoke.Invokers$Holder.invoke_MT(java.lang.Object, java.lang.Object, java.lang.Object, java.lang.Object, java.lang.Object, java.lang.Object, java.lang.Object, java.lang.Object, java.lang.Object, java.lang.Object)'> (0x000000070ef334d8) 
thrown [s\src\hotspot\share\interpreter\linkResolver.cpp, line 759]
Event: 1.604 Thread 0x00000258c55e1220 Exception <a 'java/lang/NoSuchMethodError'{0x000000070ef6f3a8}: 'java.lang.Object java.lang.invoke.DirectMethodHandle$Holder.invokeSpecial(java.lang.Object, java.lang.Object, int, java.lang.Object, java.lang.Object)'> (0x000000070ef6f3a8) 
thrown [s\src\hotspot\share\interpreter\linkResolver.cpp, line 759]
Event: 1.605 Thread 0x00000258c55e1220 Exception <a 'java/lang/NoSuchMethodError'{0x000000070ef73050}: 'java.lang.Object java.lang.invoke.DelegatingMethodHandle$Holder.delegate(java.lang.Object, int, java.lang.Object, java.lang.Object)'> (0x000000070ef73050) 
thrown [s\src\hotspot\share\interpreter\linkResolver.cpp, line 759]
Event: 1.608 Thread 0x00000258c55e1220 Exception <a 'java/lang/NoSuchMethodError'{0x000000070ef83ed8}: 'int java.lang.invoke.Invokers$Holder.linkToTargetMethod(java.lang.Object, java.lang.Object, java.lang.Object)'> (0x000000070ef83ed8) 
thrown [s\src\hotspot\share\interpreter\linkResolver.cpp, line 759]
Event: 1.641 Thread 0x00000258c55e1220 Exception <a 'java/lang/NoClassDefFoundError'{0x000000070ec9a9f0}: org/flywaydb/core/Flyway> (0x000000070ec9a9f0) 
thrown [s\src\hotspot\share\classfile\systemDictionary.cpp, line 245]
Event: 1.641 Thread 0x00000258c55e1220 Exception <a 'java/lang/NoClassDefFoundError'{0x000000070ec9bec0}: liquibase/integration/spring/SpringLiquibase> (0x000000070ec9bec0) 
thrown [s\src\hotspot\share\classfile\systemDictionary.cpp, line 245]
Event: 1.674 Thread 0x00000258c55e1220 Exception <a 'java/lang/NoSuchMethodError'{0x000000070edaad50}: 'void java.lang.invoke.DirectMethodHandle$Holder.invokeSpecial(java.lang.Object, java.lang.Object, java.lang.Object, java.lang.Object, java.lang.Object, java.lang.Object)'> (0x000000070edaad50) 
thrown [s\src\hotspot\share\interpreter\linkResolver.cpp, line 759]
Event: 1.717 Thread 0x00000258c55e1220 Implicit null exception at 0x00000258d6420723 to 0x00000258d6421658
Event: 1.784 Thread 0x00000258c55e1220 Implicit null exception at 0x00000258d649727b to 0x00000258d6497708
Event: 1.815 Thread 0x00000258c55e1220 Exception <a 'java/lang/NoSuchMethodError'{0x000000070e6666d0}: 'void java.lang.invoke.DirectMethodHandle$Holder.invokeInterface(java.lang.Object, java.lang.Object, int)'> (0x000000070e6666d0) 
thrown [s\src\hotspot\share\interpreter\linkResolver.cpp, line 759]
Event: 1.823 Thread 0x00000258c55e1220 Exception <a 'java/lang/IncompatibleClassChangeError'{0x000000070e6b6588}: Found class java.lang.Object, but interface was expected> (0x000000070e6b6588) 
thrown [s\src\hotspot\share\interpreter\linkResolver.cpp, line 826]
Event: 1.823 Thread 0x00000258c55e1220 Exception <a 'java/lang/NoSuchMethodError'{0x000000070e6bb940}: 'void java.lang.invoke.DirectMethodHandle$Holder.invokeStatic(java.lang.Object, int, java.lang.Object)'> (0x000000070e6bb940) 
thrown [s\src\hotspot\share\interpreter\linkResolver.cpp, line 759]
Event: 1.931 Thread 0x00000258c55e1220 Exception <a 'java/lang/NoSuchMethodError'{0x000000070df34558}: 'java.lang.Object java.lang.invoke.DirectMethodHandle$Holder.invokeStaticInit(java.lang.Object, int, int, int, int)'> (0x000000070df34558) 
thrown [s\src\hotspot\share\interpreter\linkResolver.cpp, line 759]
Event: 2.036 Thread 0x00000258c55e1220 Exception <a 'java/lang/NoSuchMethodError'{0x000000070dc075a0}: 'java.lang.Object java.lang.invoke.DirectMethodHandle$Holder.invokeStaticInit(java.lang.Object, java.lang.Object, int, int, int, int)'> (0x000000070dc075a0) 
thrown [s\src\hotspot\share\interpreter\linkResolver.cpp, line 759]
Event: 2.176 Thread 0x00000258c55e1220 Exception <a 'java/lang/NoSuchMethodError'{0x00000007024b0df8}: 'java.lang.Object java.lang.invoke.DirectMethodHandle$Holder.invokeSpecial(java.lang.Object, java.lang.Object, long, java.lang.Object, java.lang.Object, java.lang.Object, java.lang.Object, java.lang.Object, java.lang.Object)'> (0x00000007024b0df8) 
thrown [s\src\hotspot\share\interpreter\linkResolver.cpp, line 759]
Event: 2.176 Thread 0x00000258c55e1220 Exception <a 'java/lang/NoSuchMethodError'{0x00000007024b5920}: 'java.lang.Object java.lang.invoke.DelegatingMethodHandle$Holder.reinvoke_L(java.lang.Object, long, java.lang.Object, java.lang.Object, java.lang.Object, java.lang.Object, java.lang.Object, java.lang.Object)'> (0x00000007024b5920) 
thrown [s\src\hotspot\share\interpreter\linkResolver.cpp, line 759]
Event: 2.177 Thread 0x00000258c55e1220 Exception <a 'java/lang/NoSuchMethodError'{0x00000007024c2320}: 'java.lang.Object java.lang.invoke.Invokers$Holder.linkToTargetMethod(java.lang.Object, java.lang.Object, java.lang.Object, java.lang.Object, java.lang.Object, java.lang.Object, java.lang.Object)'> (0x00000007024c2320) 
thrown [s\src\hotspot\share\interpreter\linkResolver.cpp, line 759]
Event: 2.259 Thread 0x00000258c55e1220 Exception <a 'java/io/FileNotFoundException'{0x0000000702382a40}> (0x0000000702382a40) 
thrown [s\src\hotspot\share\prims\jni.cpp, line 516]
Event: 2.281 Thread 0x00000258c55e1220 Exception <a 'java/lang/NoSuchMethodError'{0x0000000702084ce8}: 'int java.lang.invoke.DirectMethodHandle$Holder.invokeInterface(java.lang.Object, java.lang.Object, java.lang.Object, java.lang.Object)'> (0x0000000702084ce8) 
thrown [s\src\hotspot\share\interpreter\linkResolver.cpp, line 759]

VM Operations (20 events):
Event: 1.894 Executing VM operation: HandshakeAllThreads
Event: 1.894 Executing VM operation: HandshakeAllThreads done
Event: 1.919 Executing VM operation: HandshakeAllThreads
Event: 1.919 Executing VM operation: HandshakeAllThreads done
Event: 2.051 Executing VM operation: CollectForMetadataAllocation
Event: 2.057 Executing VM operation: CollectForMetadataAllocation done
Event: 2.065 Executing VM operation: G1Concurrent
Event: 2.067 Executing VM operation: G1Concurrent done
Event: 2.068 Executing VM operation: G1Concurrent
Event: 2.071 Executing VM operation: G1Concurrent done
Event: 2.145 Executing VM operation: HandshakeAllThreads
Event: 2.145 Executing VM operation: HandshakeAllThreads done
Event: 2.190 Executing VM operation: HandshakeAllThreads
Event: 2.190 Executing VM operation: HandshakeAllThreads done
Event: 2.225 Executing VM operation: HandshakeAllThreads
Event: 2.225 Executing VM operation: HandshakeAllThreads done
Event: 2.295 Executing VM operation: HandshakeAllThreads
Event: 2.295 Executing VM operation: HandshakeAllThreads done
Event: 2.295 Executing VM operation: HandshakeAllThreads
Event: 2.295 Executing VM operation: HandshakeAllThreads done

Events (20 events):
Event: 2.251 loading class java/lang/management/DefaultPlatformMBeanProvider$11
Event: 2.251 loading class java/lang/management/DefaultPlatformMBeanProvider$11 done
Event: 2.251 loading class jdk/management/jfr/FlightRecorderMXBean
Event: 2.251 loading class jdk/management/jfr/FlightRecorderMXBean done
Event: 2.251 loading class jdk/management/jfr/internal/FlightRecorderMXBeanProvider$SingleMBeanComponent
Event: 2.251 loading class jdk/management/jfr/internal/FlightRecorderMXBeanProvider$SingleMBeanComponent done
Event: 2.252 loading class java/util/stream/ReduceOps$2
Event: 2.252 loading class java/util/stream/ReduceOps$2 done
Event: 2.252 loading class java/util/stream/ReduceOps$2ReducingSink
Event: 2.252 loading class java/util/stream/ReduceOps$2ReducingSink done
Event: 2.252 loading class sun/management/RuntimeImpl
Event: 2.252 loading class sun/management/RuntimeImpl done
Event: 2.252 loading class java/util/Collections$2
Event: 2.252 loading class java/util/Collections$2 done
Event: 2.273 loading class java/io/ObjectInputStream
Event: 2.273 loading class java/io/ObjectInput
Event: 2.273 loading class java/io/ObjectInput done
Event: 2.273 loading class java/io/ObjectStreamConstants
Event: 2.273 loading class java/io/ObjectStreamConstants done
Event: 2.273 loading class java/io/ObjectInputStream done


Dynamic libraries:
0x00007ff7583c0000 - 0x00007ff7583cd000 	C:\Users\saidh\.jdks\corretto-17.0.6\bin\java.exe
0x00007ffd22490000 - 0x00007ffd22688000 	C:\Windows\SYSTEM32\ntdll.dll
0x00007ffd19cc0000 - 0x00007ffd19cd9000 	C:\Program Files\AVG\Antivirus\aswhook.dll
0x00007ffd21760000 - 0x00007ffd2181f000 	C:\Windows\System32\KERNEL32.DLL
0x00007ffd200d0000 - 0x00007ffd203a2000 	C:\Windows\System32\KERNELBASE.dll
0x00007ffd1fef0000 - 0x00007ffd1fff0000 	C:\Windows\System32\ucrtbase.dll
0x00007ffd1c5f0000 - 0x00007ffd1c607000 	C:\Users\saidh\.jdks\corretto-17.0.6\bin\jli.dll
0x00007ffd14100000 - 0x00007ffd14115000 	C:\Users\saidh\.jdks\corretto-17.0.6\bin\VCRUNTIME140.dll
0x00007ffd21820000 - 0x00007ffd219c1000 	C:\Windows\System32\USER32.dll
0x00007ffd20440000 - 0x00007ffd20462000 	C:\Windows\System32\win32u.dll
0x00007ffd1ef90000 - 0x00007ffd1f22a000 	C:\Windows\WinSxS\amd64_microsoft.windows.common-controls_6595b64144ccf1df_6.0.19041.1110_none_60b5254171f9507e\COMCTL32.dll
0x00007ffd21da0000 - 0x00007ffd21dcb000 	C:\Windows\System32\GDI32.dll
0x00007ffd20570000 - 0x00007ffd2060e000 	C:\Windows\System32\msvcrt.dll
0x00007ffd1fcf0000 - 0x00007ffd1fdff000 	C:\Windows\System32\gdi32full.dll
0x00007ffd1fe50000 - 0x00007ffd1feed000 	C:\Windows\System32\msvcp_win.dll
0x00007ffd21d70000 - 0x00007ffd21da0000 	C:\Windows\System32\IMM32.DLL
0x00007ffd12a00000 - 0x00007ffd12a9b000 	C:\Users\saidh\.jdks\corretto-17.0.6\bin\msvcp140.dll
0x00007ffc8f2e0000 - 0x00007ffc8fef8000 	C:\Users\saidh\.jdks\corretto-17.0.6\bin\server\jvm.dll
0x00007ffd20a60000 - 0x00007ffd20b0e000 	C:\Windows\System32\ADVAPI32.dll
0x00007ffd21b90000 - 0x00007ffd21c2c000 	C:\Windows\System32\sechost.dll
0x00007ffd21c40000 - 0x00007ffd21d64000 	C:\Windows\System32\RPCRT4.dll
0x00007ffd0e100000 - 0x00007ffd0e109000 	C:\Windows\SYSTEM32\WSOCK32.dll
0x00007ffd13630000 - 0x00007ffd13657000 	C:\Windows\SYSTEM32\WINMM.dll
0x00007ffd17e50000 - 0x00007ffd17e5a000 	C:\Windows\SYSTEM32\VERSION.dll
0x00007ffd216e0000 - 0x00007ffd2174b000 	C:\Windows\System32\WS2_32.dll
0x00007ffd1dd90000 - 0x00007ffd1dda2000 	C:\Windows\SYSTEM32\kernel.appcore.dll
0x00007ffd19cb0000 - 0x00007ffd19cba000 	C:\Users\saidh\.jdks\corretto-17.0.6\bin\jimage.dll
0x00007ffd1f5c0000 - 0x00007ffd1f7a4000 	C:\Windows\SYSTEM32\DBGHELP.DLL
0x00007ffd1f500000 - 0x00007ffd1f535000 	C:\Windows\SYSTEM32\dbgcore.DLL
0x00007ffd203b0000 - 0x00007ffd20432000 	C:\Windows\System32\bcryptPrimitives.dll
0x00007ffd16190000 - 0x00007ffd1619e000 	C:\Users\saidh\.jdks\corretto-17.0.6\bin\instrument.dll
0x00007ffd13550000 - 0x00007ffd13575000 	C:\Users\saidh\.jdks\corretto-17.0.6\bin\java.dll
0x00007ffd04500000 - 0x00007ffd045d6000 	C:\Users\saidh\.jdks\corretto-17.0.6\bin\jsvml.dll
0x00007ffd20c30000 - 0x00007ffd21375000 	C:\Windows\System32\SHELL32.dll
0x00007ffd1d500000 - 0x00007ffd1dc92000 	C:\Windows\SYSTEM32\windows.storage.dll
0x00007ffd21380000 - 0x00007ffd216d5000 	C:\Windows\System32\combase.dll
0x00007ffd1edb0000 - 0x00007ffd1ede0000 	C:\Windows\SYSTEM32\Wldp.dll
0x00007ffd209b0000 - 0x00007ffd20a5d000 	C:\Windows\System32\SHCORE.dll
0x00007ffd21b20000 - 0x00007ffd21b75000 	C:\Windows\System32\shlwapi.dll
0x00007ffd1fad0000 - 0x00007ffd1faef000 	C:\Windows\SYSTEM32\profapi.dll
0x00007ffd12930000 - 0x00007ffd12948000 	C:\Users\saidh\.jdks\corretto-17.0.6\bin\zip.dll
0x00007ffd12b50000 - 0x00007ffd12b69000 	C:\Users\saidh\.jdks\corretto-17.0.6\bin\net.dll
0x00007ffd178a0000 - 0x00007ffd179aa000 	C:\Windows\SYSTEM32\WINHTTP.dll
0x00007ffd1ec00000 - 0x00007ffd1ec6a000 	C:\Windows\system32\mswsock.dll
0x00007ffd12950000 - 0x00007ffd12965000 	C:\Users\saidh\.jdks\corretto-17.0.6\bin\nio.dll
0x00007ffd128b0000 - 0x00007ffd128ca000 	C:\Program Files\JetBrains\IntelliJ IDEA Community Edition 2022.3.2\bin\breakgen64.dll
0x00007ffd1f920000 - 0x00007ffd1f938000 	C:\Windows\SYSTEM32\CRYPTSP.dll
0x00007ffd1e550000 - 0x00007ffd1e584000 	C:\Windows\system32\rsaenh.dll
0x00007ffd1fff0000 - 0x00007ffd20017000 	C:\Windows\System32\bcrypt.dll
0x00007ffd1fa90000 - 0x00007ffd1fabe000 	C:\Windows\SYSTEM32\USERENV.dll
0x00007ffd1ef10000 - 0x00007ffd1ef1c000 	C:\Windows\SYSTEM32\CRYPTBASE.dll
0x00007ffd1e930000 - 0x00007ffd1e96b000 	C:\Windows\SYSTEM32\IPHLPAPI.DLL
0x00007ffd21750000 - 0x00007ffd21758000 	C:\Windows\System32\NSI.dll
0x00007ffd17f80000 - 0x00007ffd17f97000 	C:\Windows\SYSTEM32\dhcpcsvc6.DLL
0x00007ffd17f60000 - 0x00007ffd17f7d000 	C:\Windows\SYSTEM32\dhcpcsvc.DLL
0x00007ffd1e970000 - 0x00007ffd1ea3b000 	C:\Windows\SYSTEM32\DNSAPI.dll
0x00007ffd12890000 - 0x00007ffd1289e000 	C:\Users\saidh\.jdks\corretto-17.0.6\bin\sunmscapi.dll
0x00007ffd1fb90000 - 0x00007ffd1fce6000 	C:\Windows\System32\CRYPT32.dll
0x00007ffd1ef60000 - 0x00007ffd1ef87000 	C:\Windows\SYSTEM32\ncrypt.dll
0x00007ffd1ef20000 - 0x00007ffd1ef5b000 	C:\Windows\SYSTEM32\NTASN1.dll
0x00007ffd12b40000 - 0x00007ffd12b49000 	C:\Users\saidh\.jdks\corretto-17.0.6\bin\management.dll
0x00007ffd128a0000 - 0x00007ffd128ab000 	C:\Users\saidh\.jdks\corretto-17.0.6\bin\management_ext.dll
0x00007ffd21b80000 - 0x00007ffd21b88000 	C:\Windows\System32\PSAPI.DLL

dbghelp: loaded successfully - version: 4.0.5 - missing functions: none
symbol engine: initialized successfully - sym options: 0x614 - pdb path: .;C:\Users\saidh\.jdks\corretto-17.0.6\bin;C:\Windows\SYSTEM32;C:\Program Files\AVG\Antivirus;C:\Windows\WinSxS\amd64_microsoft.windows.common-controls_6595b64144ccf1df_6.0.19041.1110_none_60b5254171f9507e;C:\Users\saidh\.jdks\corretto-17.0.6\bin\server;C:\Program Files\JetBrains\IntelliJ IDEA Community Edition 2022.3.2\bin

VM Arguments:
jvm_args: -javaagent:C:\Program Files\JetBrains\IntelliJ IDEA Community Edition 2022.3.2\lib\idea_rt.jar=57874:C:\Program Files\JetBrains\IntelliJ IDEA Community Edition 2022.3.2\bin -Dfile.encoding=UTF-8 
java_command: com.safetynet.safetynetalerts.SafetynetAlertsApplication
java_class_path (initial): E:\Documents\_PAPIERS\Travail\_Formations_JAVA\OC_Developpeur_Web\Projets\P5\SafetynetAlerts\target\classes;C:\Users\saidh\.m2\repository\org\springframework\boot\spring-boot-starter-web\3.0.4\spring-boot-starter-web-3.0.4.jar;C:\Users\saidh\.m2\repository\org\springframework\boot\spring-boot-starter\3.0.4\spring-boot-starter-3.0.4.jar;C:\Users\saidh\.m2\repository\org\springframework\boot\spring-boot\3.0.4\spring-boot-3.0.4.jar;C:\Users\saidh\.m2\repository\org\springframework\boot\spring-boot-autoconfigure\3.0.4\spring-boot-autoconfigure-3.0.4.jar;C:\Users\saidh\.m2\repository\org\springframework\boot\spring-boot-starter-logging\3.0.4\spring-boot-starter-logging-3.0.4.jar;C:\Users\saidh\.m2\repository\ch\qos\logback\logback-classic\1.4.5\logback-classic-1.4.5.jar;C:\Users\saidh\.m2\repository\ch\qos\logback\logback-core\1.4.5\logback-core-1.4.5.jar;C:\Users\saidh\.m2\repository\org\apache\logging\log4j\log4j-to-slf4j\2.19.0\log4j-to-slf4j-2.19.0.jar;C:\Users\saidh\.m2\repository\org\apache\logging\log4j\log4j-api\2.19.0\log4j-api-2.19.0.jar;C:\Users\saidh\.m2\repository\org\slf4j\jul-to-slf4j\2.0.6\jul-to-slf4j-2.0.6.jar;C:\Users\saidh\.m2\repository\jakarta\annotation\jakarta.annotation-api\2.1.1\jakarta.annotation-api-2.1.1.jar;C:\Users\saidh\.m2\repository\org\yaml\snakeyaml\1.33\snakeyaml-1.33.jar;C:\Users\saidh\.m2\repository\org\springframework\boot\spring-boot-starter-json\3.0.4\spring-boot-starter-json-3.0.4.jar;C:\Users\saidh\.m2\repository\com\fasterxml\jackson\datatype\jackson-datatype-jdk8\2.14.2\jackson-datatype-jdk8-2.14.2.jar;C:\Users\saidh\.m2\repository\com\fasterxml\jackson\datatype\jackson-datatype-jsr310\2.14.2\jackson-datatype-jsr310-2.14.2.jar;C:\Users\saidh\.m2\repository\com\fasterxml\jackson\module\jackson-module-parameter-names\2.14.2\jackson-module-parameter-names-2.14.2.jar;C:\Users\saidh\.m2\repository\org\springframework\boot\spring-boot-starter-tomcat\3.0.4\spring-boot-starter-tomcat-3.0.4.jar;C:\Users\sa
Launcher Type: SUN_STANDARD

[Global flags]
     intx CICompilerCount                          = 4                                         {product} {ergonomic}
     uint ConcGCThreads                            = 2                                         {product} {ergonomic}
     uint G1ConcRefinementThreads                  = 8                                         {product} {ergonomic}
   size_t G1HeapRegionSize                         = 2097152                                   {product} {ergonomic}
    uintx GCDrainStackTargetSize                   = 64                                        {product} {ergonomic}
   size_t InitialHeapSize                          = 268435456                                 {product} {ergonomic}
   size_t MarkStackSize                            = 4194304                                   {product} {ergonomic}
   size_t MaxHeapSize                              = 4286578688                                {product} {ergonomic}
   size_t MaxNewSize                               = 2571108352                                {product} {ergonomic}
   size_t MinHeapDeltaBytes                        = 2097152                                   {product} {ergonomic}
   size_t MinHeapSize                              = 8388608                                   {product} {ergonomic}
    uintx NonNMethodCodeHeapSize                   = 5839372                                {pd product} {ergonomic}
    uintx NonProfiledCodeHeapSize                  = 122909434                              {pd product} {ergonomic}
    uintx ProfiledCodeHeapSize                     = 122909434                              {pd product} {ergonomic}
    uintx ReservedCodeCacheSize                    = 251658240                              {pd product} {ergonomic}
     bool SegmentedCodeCache                       = true                                      {product} {ergonomic}
   size_t SoftMaxHeapSize                          = 4286578688                             {manageable} {ergonomic}
     bool UseCompressedClassPointers               = true                           {product lp64_product} {ergonomic}
     bool UseCompressedOops                        = true                           {product lp64_product} {ergonomic}
     bool UseG1GC                                  = true                                      {product} {ergonomic}
     bool UseLargePagesIndividualAllocation        = false                                  {pd product} {ergonomic}

Logging:
Log output configuration:
 #0: stdout all=warning uptime,level,tags
 #1: stderr all=off uptime,level,tags

Environment Variables:
JAVA_HOME=C:\Program Files\Eclipse Adoptium\jdk-17.0.6.10-hotspot\
PATH=C:\Program Files\Eclipse Adoptium\jdk-17.0.6.10-hotspot\bin;C:\Program Files (x86)\Common Files\Oracle\Java\javapath;C:\Program Files\Eclipse Adoptium\jdk-11.0.18.10-hotspot\bin;C:\Windows\system32;C:\Windows;C:\Windows\System32\Wbem;C:\Windows\System32\WindowsPowerShell\v1.0\;C:\Windows\System32\OpenSSH\;C:\Program Files\dotnet\;C:\Program Files\Git\cmd;C:\Program Files\MySQL\MySQL Shell 8.0\bin\;E:\Documents\Developpeur_Informatique\_Logiciels\apache-maven-3.8.7-bin\apache-maven-3.8.7\bin;E:\Documents\Developpeur_Informatique\_SOFTWARES\apache-maven-3.8.7-bin\apache-maven-3.8.7\bin;;C:\Users\saidh\AppData\Local\Programs\Microsoft VS Code\bin
USERNAME=saidh
OS=Windows_NT
PROCESSOR_IDENTIFIER=Intel64 Family 6 Model 42 Stepping 7, GenuineIntel
TMP=C:\Users\saidh\AppData\Local\Temp
TEMP=C:\Users\saidh\AppData\Local\Temp



---------------  S Y S T E M  ---------------

OS:
 Windows 10 , 64 bit Build 19041 (10.0.19041.2546)
OS uptime: 2 days 9:18 hours

CPU: total 8 (initial active 8) (4 cores per cpu, 2 threads per core) family 6 model 42 stepping 7 microcode 0x2f, cx8, cmov, fxsr, ht, mmx, sse, sse2, sse3, ssse3, sse4.1, sse4.2, popcnt, tsc, tscinvbit, avx, aes, clmul, vzeroupper, clflush

Memory: 4k page, system-wide physical 16351M (4616M free)
TotalPageFile size 33815M (AvailPageFile size 5283M)
current process WorkingSet (physical memory assigned to process): 149M, peak: 175M
current process commit charge ("private bytes"): 206M, peak: 435M

vm_info: OpenJDK 64-Bit Server VM (17.0.6+10-LTS) for windows-amd64 JRE (17.0.6+10-LTS), built on Jan 13 2023 22:57:04 by "Administrator" with MS VC++ 15.9 (VS2017)

END.
